<?xml version="1.0" encoding="UTF-8"?>
<testng-results ignored="7" total="8" passed="1" failed="0" skipped="0">
  <reporter-output>
  </reporter-output>
  <suite started-at="2023-01-23T19:07:27 CST" name="Default suite" finished-at="2023-01-23T19:07:30 CST" duration-ms="2793">
    <groups>
    </groups>
    <test started-at="2023-01-23T19:07:27 CST" name="Default test" finished-at="2023-01-23T19:07:30 CST" duration-ms="2793">
      <class name="ReqResTests">
        <test-method signature="canDeserializeUserDetailsList()[pri:0, instance:ReqResTests@7671cb68]" started-at="2023-01-23T19:07:27 CST" name="canDeserializeUserDetailsList" finished-at="2023-01-23T19:07:30 CST" duration-ms="2723" status="PASS">
          <reporter-output>
          </reporter-output>
        </test-method> <!-- canDeserializeUserDetailsList -->
      </class> <!-- ReqResTests -->
    </test> <!-- Default test -->
  </suite> <!-- Default suite -->
</testng-results>
