<?xml version="1.0" encoding="UTF-8"?>
<!-- Generated by org.testng.reporters.JUnitXMLReporter -->
<testsuite ignored="7" hostname="TrainingVM" failures="0" tests="1" name="Default test" time="2.793" errors="0" timestamp="2023-01-23T19:07:30 CST">
  <testcase classname="ReqResTests" name="canDeserializeUserDetailsList" time="2.723"/>
  <testcase classname="ReqResTests" name="canPut" time="0.0">
    <ignored/>
  </testcase> <!-- canPut -->
  <testcase classname="ReqResTests" name="verifyEmailAddress" time="0.0">
    <ignored/>
  </testcase> <!-- verifyEmailAddress -->
  <testcase classname="ReqResTests" name="canGetResponseFromEmployees" time="0.0">
    <ignored/>
  </testcase> <!-- canGetResponseFromEmployees -->
  <testcase classname="ReqResTests" name="verifyPostTokenReturnValue" time="0.0">
    <ignored/>
  </testcase> <!-- verifyPostTokenReturnValue -->
  <testcase classname="ReqResTests" name="canDeserializeUserDetails" time="0.0">
    <ignored/>
  </testcase> <!-- canDeserializeUserDetails -->
  <testcase classname="ReqResTests" name="canPatch" time="0.0">
    <ignored/>
  </testcase> <!-- canPatch -->
  <testcase classname="ReqResTests" name="verifyDelete" time="0.0">
    <ignored/>
  </testcase> <!-- verifyDelete -->
</testsuite> <!-- Default test -->
